<?xml version="1.0" encoding="UTF-8"?>
<testng-results ignored="0" total="1" passed="1" failed="0" skipped="0">
  <reporter-output>
  </reporter-output>
  <suite started-at="2023-12-15T02:28:09 IST" name="Default suite" finished-at="2023-12-15T02:28:28 IST" duration-ms="18604">
    <groups>
    </groups>
    <test started-at="2023-12-15T02:28:09 IST" name="Default test" finished-at="2023-12-15T02:28:28 IST" duration-ms="18604">
      <class name="com.Mvn.TestNgQuestion">
        <test-method is-config="true" signature="Select_Browswer()[pri:0, instance:com.Mvn.TestNgQuestion@68c9133c]" started-at="2023-12-15T02:28:09 IST" name="Select_Browswer" finished-at="2023-12-15T02:28:10 IST" duration-ms="810" status="PASS">
          <reporter-output>
          </reporter-output>
        </test-method> <!-- Select_Browswer -->
        <test-method is-config="true" signature="open_browser()[pri:0, instance:com.Mvn.TestNgQuestion@68c9133c]" started-at="2023-12-15T02:28:10 IST" name="open_browser" finished-at="2023-12-15T02:28:14 IST" duration-ms="4014" status="PASS">
          <reporter-output>
          </reporter-output>
        </test-method> <!-- open_browser -->
        <test-method is-config="true" signature="open_url()[pri:0, instance:com.Mvn.TestNgQuestion@68c9133c]" started-at="2023-12-15T02:28:14 IST" name="open_url" finished-at="2023-12-15T02:28:17 IST" duration-ms="2711" status="PASS">
          <reporter-output>
          </reporter-output>
        </test-method> <!-- open_url -->
        <test-method signature="Final()[pri:0, instance:com.Mvn.TestNgQuestion@68c9133c]" started-at="2023-12-15T02:28:17 IST" name="Final" finished-at="2023-12-15T02:28:27 IST" duration-ms="10742" status="PASS">
          <reporter-output>
          </reporter-output>
        </test-method> <!-- Final -->
        <test-method is-config="true" signature="Close_browser()[pri:0, instance:com.Mvn.TestNgQuestion@68c9133c]" started-at="2023-12-15T02:28:27 IST" name="Close_browser" finished-at="2023-12-15T02:28:28 IST" duration-ms="241" status="PASS">
          <reporter-output>
          </reporter-output>
        </test-method> <!-- Close_browser -->
        <test-method is-config="true" signature="afterclass()[pri:0, instance:com.Mvn.TestNgQuestion@68c9133c]" started-at="2023-12-15T02:28:28 IST" name="afterclass" finished-at="2023-12-15T02:28:28 IST" duration-ms="2" status="PASS">
          <reporter-output>
          </reporter-output>
        </test-method> <!-- afterclass -->
        <test-method is-config="true" signature="afterTest()[pri:0, instance:com.Mvn.TestNgQuestion@68c9133c]" started-at="2023-12-15T02:28:28 IST" name="afterTest" finished-at="2023-12-15T02:28:28 IST" duration-ms="0" status="PASS">
          <reporter-output>
          </reporter-output>
        </test-method> <!-- afterTest -->
      </class> <!-- com.Mvn.TestNgQuestion -->
    </test> <!-- Default test -->
  </suite> <!-- Default suite -->
</testng-results>
