<?xml version="1.0" encoding="UTF-8"?>
<testng-results ignored="0" total="1" passed="1" failed="0" skipped="0">
  <reporter-output>
  </reporter-output>
  <suite started-at="2023-12-16T20:28:38 IST" name="Default suite" finished-at="2023-12-16T20:28:50 IST" duration-ms="12080">
    <groups>
    </groups>
    <test started-at="2023-12-16T20:28:38 IST" name="Default test" finished-at="2023-12-16T20:28:50 IST" duration-ms="12080">
      <class name="Module_7.Que16">
        <test-method is-config="true" signature="OpeningBrowserAndUrl()[pri:0, instance:Module_7.Que16@2c35e847]" started-at="2023-12-16T20:28:38 IST" name="OpeningBrowserAndUrl" finished-at="2023-12-16T20:28:46 IST" duration-ms="8102" status="PASS">
          <reporter-output>
          </reporter-output>
        </test-method> <!-- OpeningBrowserAndUrl -->
        <test-method signature="CreateAnAcc()[pri:0, instance:Module_7.Que16@2c35e847]" started-at="2023-12-16T20:28:46 IST" name="CreateAnAcc" finished-at="2023-12-16T20:28:50 IST" duration-ms="3632" status="PASS">
          <reporter-output>
          </reporter-output>
        </test-method> <!-- CreateAnAcc -->
        <test-method is-config="true" signature="closebroswer()[pri:0, instance:Module_7.Que16@2c35e847]" started-at="2023-12-16T20:28:50 IST" name="closebroswer" finished-at="2023-12-16T20:28:50 IST" duration-ms="297" status="PASS">
          <reporter-output>
          </reporter-output>
        </test-method> <!-- closebroswer -->
      </class> <!-- Module_7.Que16 -->
    </test> <!-- Default test -->
  </suite> <!-- Default suite -->
</testng-results>
